Daily update: Sun Jun 22 17:21:20 UTC 2025
Daily update: Mon Jun 23 04:01:37 UTC 2025
Daily update: Tue Jun 24 03:56:16 UTC 2025
Daily update: Wed Jun 25 03:57:36 UTC 2025
Daily update: Thu Jun 26 03:55:38 UTC 2025
Daily update: Fri Jun 27 03:55:50 UTC 2025
Daily update: Sat Jun 28 03:51:18 UTC 2025
Daily update: Sun Jun 29 04:03:01 UTC 2025
Daily update: Mon Jun 30 04:01:02 UTC 2025
Daily update: Tue Jul  1 04:06:34 UTC 2025
Daily update: Wed Jul  2 03:57:20 UTC 2025
Daily update: Thu Jul  3 03:59:34 UTC 2025
Daily update: Fri Jul  4 03:56:35 UTC 2025
Daily update: Sat Jul  5 03:52:20 UTC 2025
Daily update: Sun Jul  6 04:01:36 UTC 2025
Daily update: Mon Jul  7 04:01:28 UTC 2025
Daily update: Tue Jul  8 03:57:36 UTC 2025
Daily update: Wed Jul  9 04:00:10 UTC 2025
Daily update: Thu Jul 10 03:59:53 UTC 2025
Daily update: Fri Jul 11 04:04:57 UTC 2025
Daily update: Sat Jul 12 04:00:17 UTC 2025
Daily update: Sun Jul 13 04:06:53 UTC 2025
Daily update: Mon Jul 14 04:09:16 UTC 2025
Daily update: Tue Jul 15 04:06:25 UTC 2025
Daily update: Wed Jul 16 04:05:00 UTC 2025
Daily update: Thu Jul 17 04:04:35 UTC 2025
Daily update: Fri Jul 18 04:06:29 UTC 2025
Daily update: Sat Jul 19 03:59:38 UTC 2025
Daily update: Sun Jul 20 04:12:18 UTC 2025
Daily update: Mon Jul 21 04:11:40 UTC 2025
Daily update: Tue Jul 22 04:06:24 UTC 2025
Daily update: Wed Jul 23 04:08:00 UTC 2025
Daily update: Thu Jul 24 04:06:59 UTC 2025
Daily update: Fri Jul 25 04:06:32 UTC 2025
Daily update: Sat Jul 26 04:04:26 UTC 2025
Daily update: Sun Jul 27 04:13:28 UTC 2025
Daily update: Mon Jul 28 04:13:27 UTC 2025
Daily update: Tue Jul 29 04:15:24 UTC 2025
Daily update: Wed Jul 30 04:11:16 UTC 2025
Daily update: Thu Jul 31 04:10:11 UTC 2025
Daily update: Fri Aug  1 04:21:30 UTC 2025
Daily update: Sat Aug  2 04:03:02 UTC 2025
Daily update: Sun Aug  3 04:17:27 UTC 2025
Daily update: Mon Aug  4 04:32:30 UTC 2025
Daily update: Tue Aug  5 04:15:36 UTC 2025
Daily update: Wed Aug  6 04:12:38 UTC 2025
Daily update: Thu Aug  7 04:12:39 UTC 2025
Daily update: Fri Aug  8 04:11:53 UTC 2025
Daily update: Sat Aug  9 03:57:10 UTC 2025
Daily update: Sun Aug 10 04:10:31 UTC 2025
Daily update: Mon Aug 11 04:11:31 UTC 2025
Daily update: Tue Aug 12 03:55:36 UTC 2025
Daily update: Wed Aug 13 03:57:20 UTC 2025
Daily update: Thu Aug 14 03:58:08 UTC 2025
